2018-01-18 19:16:42.291 INFO  (main) [   ] o.e.j.s.Server jetty-9.3.20.v20170531
2018-01-18 19:16:44.837 INFO  (main) [   ] o.a.s.s.SolrDispatchFilter  ___      _       Welcome to Apache Solr™ version 7.2.1
2018-01-18 19:16:44.837 INFO  (main) [   ] o.a.s.s.SolrDispatchFilter / __| ___| |_ _   Starting in standalone mode on port 8983
2018-01-18 19:16:44.837 INFO  (main) [   ] o.a.s.s.SolrDispatchFilter \__ \/ _ \ | '_|  Install dir: H:\Apache SOLR\solr-7.2.1\solr-7.2.1
2018-01-18 19:16:44.937 INFO  (main) [   ] o.a.s.s.SolrDispatchFilter |___/\___/_|_|    Start time: 2018-01-18T19:16:44.868Z
2018-01-18 19:16:44.937 INFO  (main) [   ] o.a.s.u.StartupLoggingUtils Property solr.log.muteconsole given. Muting ConsoleAppender named CONSOLE
2018-01-18 19:16:45.100 INFO  (main) [   ] o.a.s.c.SolrResourceLoader Using system property solr.solr.home: H:\Apache SOLR\solr-7.2.1\solr-7.2.1\server\solr
2018-01-18 19:16:45.184 INFO  (main) [   ] o.a.s.c.SolrXmlConfig Loading container configuration from H:\Apache SOLR\solr-7.2.1\solr-7.2.1\server\solr\solr.xml
2018-01-18 19:16:48.884 INFO  (main) [   ] o.a.s.c.CorePropertiesLocator Found 0 core definitions underneath H:\Apache SOLR\solr-7.2.1\solr-7.2.1\server\solr
2018-01-18 19:16:59.002 INFO  (main) [   ] o.e.j.s.Server Started @24538ms
2018-01-18 19:16:59.740 INFO  (qtp581374081-20) [   ] o.a.s.s.HttpSolrCall [admin] webapp=null path=/admin/info/system params={wt=json} status=0 QTime=262
2018-01-18 19:17:24.375 INFO  (qtp581374081-19) [   ] o.a.s.c.TransientSolrCoreCacheDefault Allocating transient cache for 2147483647 transient cores
2018-01-18 19:17:24.383 INFO  (qtp581374081-19) [   ] o.a.s.s.HttpSolrCall [admin] webapp=null path=/admin/cores params={indexInfo=false&wt=json&_=1516303042615} status=0 QTime=24
2018-01-18 19:17:24.525 INFO  (qtp581374081-15) [   ] o.a.s.s.HttpSolrCall [admin] webapp=null path=/admin/info/system params={wt=json&_=1516303042617} status=0 QTime=152
2018-01-18 19:17:24.628 INFO  (qtp581374081-14) [   ] o.a.s.s.HttpSolrCall [admin] webapp=null path=/admin/info/system params={wt=json&_=1516303042617} status=0 QTime=68
2018-01-18 19:17:43.165 INFO  (qtp581374081-13) [   ] o.a.s.s.HttpSolrCall [admin] webapp=null path=/admin/cores params={indexInfo=false&wt=json&_=1516303042615} status=0 QTime=1
2018-01-18 19:17:43.188 INFO  (qtp581374081-13) [   ] o.a.s.s.HttpSolrCall [admin] webapp=null path=/admin/cores params={wt=json&_=1516303042615} status=0 QTime=0
2018-01-18 19:17:43.247 INFO  (qtp581374081-21) [   ] o.a.s.s.HttpSolrCall [admin] webapp=null path=/admin/info/system params={wt=json&_=1516303042617} status=0 QTime=72
2018-01-18 19:18:21.973 INFO  (qtp581374081-15) [   ] o.a.s.h.a.CoreAdminOperation core create command schema=schema.xml&dataDir=data&name=Banking+App&action=CREATE&config=solrconfig.xml&instanceDir=Banking+App_Instance_Dir&wt=json&_=1516303042615
2018-01-18 19:18:22.098 ERROR (qtp581374081-15) [   x:Banking App] o.a.s.h.RequestHandlerBase org.apache.solr.common.SolrException: Error CREATEing SolrCore 'Banking App': Unable to create core [Banking App] Caused by: Invalid core: [Banking App]. core names must consist entirely of periods, underscores, hyphens, and alphanumerics as well not start with a hyphen
	at org.apache.solr.core.CoreContainer.create(CoreContainer.java:987)
	at org.apache.solr.handler.admin.CoreAdminOperation.lambda$static$0(CoreAdminOperation.java:91)
	at org.apache.solr.handler.admin.CoreAdminOperation.execute(CoreAdminOperation.java:384)
	at org.apache.solr.handler.admin.CoreAdminHandler$CallInfo.call(CoreAdminHandler.java:389)
	at org.apache.solr.handler.admin.CoreAdminHandler.handleRequestBody(CoreAdminHandler.java:174)
	at org.apache.solr.handler.RequestHandlerBase.handleRequest(RequestHandlerBase.java:177)
	at org.apache.solr.servlet.HttpSolrCall.handleAdmin(HttpSolrCall.java:735)
	at org.apache.solr.servlet.HttpSolrCall.handleAdminRequest(HttpSolrCall.java:716)
	at org.apache.solr.servlet.HttpSolrCall.call(HttpSolrCall.java:497)
	at org.apache.solr.servlet.SolrDispatchFilter.doFilter(SolrDispatchFilter.java:382)
	at org.apache.solr.servlet.SolrDispatchFilter.doFilter(SolrDispatchFilter.java:326)
	at org.eclipse.jetty.servlet.ServletHandler$CachedChain.doFilter(ServletHandler.java:1751)
	at org.eclipse.jetty.servlet.ServletHandler.doHandle(ServletHandler.java:582)
	at org.eclipse.jetty.server.handler.ScopedHandler.handle(ScopedHandler.java:143)
	at org.eclipse.jetty.security.SecurityHandler.handle(SecurityHandler.java:548)
	at org.eclipse.jetty.server.session.SessionHandler.doHandle(SessionHandler.java:226)
	at org.eclipse.jetty.server.handler.ContextHandler.doHandle(ContextHandler.java:1180)
	at org.eclipse.jetty.servlet.ServletHandler.doScope(ServletHandler.java:512)
	at org.eclipse.jetty.server.session.SessionHandler.doScope(SessionHandler.java:185)
	at org.eclipse.jetty.server.handler.ContextHandler.doScope(ContextHandler.java:1112)
	at org.eclipse.jetty.server.handler.ScopedHandler.handle(ScopedHandler.java:141)
	at org.eclipse.jetty.server.handler.ContextHandlerCollection.handle(ContextHandlerCollection.java:213)
	at org.eclipse.jetty.server.handler.HandlerCollection.handle(HandlerCollection.java:119)
	at org.eclipse.jetty.server.handler.HandlerWrapper.handle(HandlerWrapper.java:134)
	at org.eclipse.jetty.rewrite.handler.RewriteHandler.handle(RewriteHandler.java:335)
	at org.eclipse.jetty.server.handler.HandlerWrapper.handle(HandlerWrapper.java:134)
	at org.eclipse.jetty.server.Server.handle(Server.java:534)
	at org.eclipse.jetty.server.HttpChannel.handle(HttpChannel.java:320)
	at org.eclipse.jetty.server.HttpConnection.onFillable(HttpConnection.java:251)
	at org.eclipse.jetty.io.AbstractConnection$ReadCallback.succeeded(AbstractConnection.java:283)
	at org.eclipse.jetty.io.FillInterest.fillable(FillInterest.java:108)
	at org.eclipse.jetty.io.SelectChannelEndPoint$2.run(SelectChannelEndPoint.java:93)
	at org.eclipse.jetty.util.thread.strategy.ExecuteProduceConsume.executeProduceConsume(ExecuteProduceConsume.java:303)
	at org.eclipse.jetty.util.thread.strategy.ExecuteProduceConsume.produceConsume(ExecuteProduceConsume.java:148)
	at org.eclipse.jetty.util.thread.strategy.ExecuteProduceConsume.run(ExecuteProduceConsume.java:136)
	at org.eclipse.jetty.util.thread.QueuedThreadPool.runJob(QueuedThreadPool.java:671)
	at org.eclipse.jetty.util.thread.QueuedThreadPool$2.run(QueuedThreadPool.java:589)
	at java.lang.Thread.run(Thread.java:748)
Caused by: org.apache.solr.common.SolrException: Unable to create core [Banking App]
	at org.apache.solr.core.CoreContainer.createFromDescriptor(CoreContainer.java:1053)
	at org.apache.solr.core.CoreContainer.create(CoreContainer.java:948)
	... 37 more
Caused by: org.apache.solr.common.SolrException: Invalid core: [Banking App]. core names must consist entirely of periods, underscores, hyphens, and alphanumerics as well not start with a hyphen
	at org.apache.solr.client.solrj.util.SolrIdentifierValidator.validateName(SolrIdentifierValidator.java:39)
	at org.apache.solr.client.solrj.util.SolrIdentifierValidator.validateCoreName(SolrIdentifierValidator.java:56)
	at org.apache.solr.core.CoreContainer.createFromDescriptor(CoreContainer.java:1028)
	... 38 more

2018-01-18 19:18:22.103 INFO  (qtp581374081-15) [   x:Banking App] o.a.s.s.HttpSolrCall [admin] webapp=null path=/admin/cores params={schema=schema.xml&dataDir=data&name=Banking+App&action=CREATE&config=solrconfig.xml&instanceDir=Banking+App_Instance_Dir&wt=json&_=1516303042615} status=400 QTime=131
2018-01-18 19:18:39.647 INFO  (qtp581374081-13) [   ] o.a.s.h.a.CoreAdminOperation core create command schema=schema.xml&dataDir=data&name=Banking_App&action=CREATE&config=solrconfig.xml&instanceDir=Banking+App_Instance_Dir&wt=json&_=1516303042615
2018-01-18 19:18:39.749 ERROR (qtp581374081-13) [   x:Banking_App] o.a.s.h.RequestHandlerBase org.apache.solr.common.SolrException: Error CREATEing SolrCore 'Banking_App': Unable to create core [Banking_App] Caused by: Can't find resource 'solrconfig.xml' in classpath or 'H:\Apache SOLR\solr-7.2.1\solr-7.2.1\server\solr\Banking App_Instance_Dir'
	at org.apache.solr.core.CoreContainer.create(CoreContainer.java:987)
	at org.apache.solr.handler.admin.CoreAdminOperation.lambda$static$0(CoreAdminOperation.java:91)
	at org.apache.solr.handler.admin.CoreAdminOperation.execute(CoreAdminOperation.java:384)
	at org.apache.solr.handler.admin.CoreAdminHandler$CallInfo.call(CoreAdminHandler.java:389)
	at org.apache.solr.handler.admin.CoreAdminHandler.handleRequestBody(CoreAdminHandler.java:174)
	at org.apache.solr.handler.RequestHandlerBase.handleRequest(RequestHandlerBase.java:177)
	at org.apache.solr.servlet.HttpSolrCall.handleAdmin(HttpSolrCall.java:735)
	at org.apache.solr.servlet.HttpSolrCall.handleAdminRequest(HttpSolrCall.java:716)
	at org.apache.solr.servlet.HttpSolrCall.call(HttpSolrCall.java:497)
	at org.apache.solr.servlet.SolrDispatchFilter.doFilter(SolrDispatchFilter.java:382)
	at org.apache.solr.servlet.SolrDispatchFilter.doFilter(SolrDispatchFilter.java:326)
	at org.eclipse.jetty.servlet.ServletHandler$CachedChain.doFilter(ServletHandler.java:1751)
	at org.eclipse.jetty.servlet.ServletHandler.doHandle(ServletHandler.java:582)
	at org.eclipse.jetty.server.handler.ScopedHandler.handle(ScopedHandler.java:143)
	at org.eclipse.jetty.security.SecurityHandler.handle(SecurityHandler.java:548)
	at org.eclipse.jetty.server.session.SessionHandler.doHandle(SessionHandler.java:226)
	at org.eclipse.jetty.server.handler.ContextHandler.doHandle(ContextHandler.java:1180)
	at org.eclipse.jetty.servlet.ServletHandler.doScope(ServletHandler.java:512)
	at org.eclipse.jetty.server.session.SessionHandler.doScope(SessionHandler.java:185)
	at org.eclipse.jetty.server.handler.ContextHandler.doScope(ContextHandler.java:1112)
	at org.eclipse.jetty.server.handler.ScopedHandler.handle(ScopedHandler.java:141)
	at org.eclipse.jetty.server.handler.ContextHandlerCollection.handle(ContextHandlerCollection.java:213)
	at org.eclipse.jetty.server.handler.HandlerCollection.handle(HandlerCollection.java:119)
	at org.eclipse.jetty.server.handler.HandlerWrapper.handle(HandlerWrapper.java:134)
	at org.eclipse.jetty.rewrite.handler.RewriteHandler.handle(RewriteHandler.java:335)
	at org.eclipse.jetty.server.handler.HandlerWrapper.handle(HandlerWrapper.java:134)
	at org.eclipse.jetty.server.Server.handle(Server.java:534)
	at org.eclipse.jetty.server.HttpChannel.handle(HttpChannel.java:320)
	at org.eclipse.jetty.server.HttpConnection.onFillable(HttpConnection.java:251)
	at org.eclipse.jetty.io.AbstractConnection$ReadCallback.succeeded(AbstractConnection.java:283)
	at org.eclipse.jetty.io.FillInterest.fillable(FillInterest.java:108)
	at org.eclipse.jetty.io.SelectChannelEndPoint$2.run(SelectChannelEndPoint.java:93)
	at org.eclipse.jetty.util.thread.strategy.ExecuteProduceConsume.executeProduceConsume(ExecuteProduceConsume.java:303)
	at org.eclipse.jetty.util.thread.strategy.ExecuteProduceConsume.produceConsume(ExecuteProduceConsume.java:148)
	at org.eclipse.jetty.util.thread.strategy.ExecuteProduceConsume.run(ExecuteProduceConsume.java:136)
	at org.eclipse.jetty.util.thread.QueuedThreadPool.runJob(QueuedThreadPool.java:671)
	at org.eclipse.jetty.util.thread.QueuedThreadPool$2.run(QueuedThreadPool.java:589)
	at java.lang.Thread.run(Thread.java:748)
Caused by: org.apache.solr.common.SolrException: Unable to create core [Banking_App]
	at org.apache.solr.core.CoreContainer.createFromDescriptor(CoreContainer.java:1053)
	at org.apache.solr.core.CoreContainer.create(CoreContainer.java:948)
	... 37 more
Caused by: org.apache.solr.common.SolrException: Could not load conf for core Banking_App: Error loading solr config from H:\Apache SOLR\solr-7.2.1\solr-7.2.1\server\solr\Banking App_Instance_Dir\conf\solrconfig.xml
	at org.apache.solr.core.ConfigSetService.getConfig(ConfigSetService.java:97)
	at org.apache.solr.core.CoreContainer.getConfigSet(CoreContainer.java:1081)
	at org.apache.solr.core.CoreContainer.createFromDescriptor(CoreContainer.java:1033)
	... 38 more
Caused by: org.apache.solr.common.SolrException: Error loading solr config from H:\Apache SOLR\solr-7.2.1\solr-7.2.1\server\solr\Banking App_Instance_Dir\conf\solrconfig.xml
	at org.apache.solr.core.SolrConfig.readFromResourceLoader(SolrConfig.java:189)
	at org.apache.solr.core.ConfigSetService.createSolrConfig(ConfigSetService.java:109)
	at org.apache.solr.core.ConfigSetService.getConfig(ConfigSetService.java:91)
	... 40 more
Caused by: org.apache.solr.core.SolrResourceNotFoundException: Can't find resource 'solrconfig.xml' in classpath or 'H:\Apache SOLR\solr-7.2.1\solr-7.2.1\server\solr\Banking App_Instance_Dir'
	at org.apache.solr.core.SolrResourceLoader.openResource(SolrResourceLoader.java:407)
	at org.apache.solr.core.SolrResourceLoader.openConfig(SolrResourceLoader.java:362)
	at org.apache.solr.core.Config.<init>(Config.java:120)
	at org.apache.solr.core.Config.<init>(Config.java:90)
	at org.apache.solr.core.SolrConfig.<init>(SolrConfig.java:204)
	at org.apache.solr.core.SolrConfig.readFromResourceLoader(SolrConfig.java:181)
	... 42 more

2018-01-18 19:18:39.752 INFO  (qtp581374081-13) [   x:Banking_App] o.a.s.s.HttpSolrCall [admin] webapp=null path=/admin/cores params={schema=schema.xml&dataDir=data&name=Banking_App&action=CREATE&config=solrconfig.xml&instanceDir=Banking+App_Instance_Dir&wt=json&_=1516303042615} status=400 QTime=106
2018-01-18 19:19:01.851 INFO  (qtp581374081-20) [   ] o.a.s.h.a.CoreAdminOperation core create command schema=schema.xml&dataDir=data&name=Banking_App&action=CREATE&config=solrconfig.xml&instanceDir=Banking_App_Instance_Dir&wt=json&_=1516303042615
2018-01-18 19:19:02.022 ERROR (qtp581374081-20) [   x:Banking_App] o.a.s.h.RequestHandlerBase org.apache.solr.common.SolrException: Error CREATEing SolrCore 'Banking_App': Unable to create core [Banking_App] Caused by: Can't find resource 'solrconfig.xml' in classpath or 'H:\Apache SOLR\solr-7.2.1\solr-7.2.1\server\solr\Banking_App_Instance_Dir'
	at org.apache.solr.core.CoreContainer.create(CoreContainer.java:987)
	at org.apache.solr.handler.admin.CoreAdminOperation.lambda$static$0(CoreAdminOperation.java:91)
	at org.apache.solr.handler.admin.CoreAdminOperation.execute(CoreAdminOperation.java:384)
	at org.apache.solr.handler.admin.CoreAdminHandler$CallInfo.call(CoreAdminHandler.java:389)
	at org.apache.solr.handler.admin.CoreAdminHandler.handleRequestBody(CoreAdminHandler.java:174)
	at org.apache.solr.handler.RequestHandlerBase.handleRequest(RequestHandlerBase.java:177)
	at org.apache.solr.servlet.HttpSolrCall.handleAdmin(HttpSolrCall.java:735)
	at org.apache.solr.servlet.HttpSolrCall.handleAdminRequest(HttpSolrCall.java:716)
	at org.apache.solr.servlet.HttpSolrCall.call(HttpSolrCall.java:497)
	at org.apache.solr.servlet.SolrDispatchFilter.doFilter(SolrDispatchFilter.java:382)
	at org.apache.solr.servlet.SolrDispatchFilter.doFilter(SolrDispatchFilter.java:326)
	at org.eclipse.jetty.servlet.ServletHandler$CachedChain.doFilter(ServletHandler.java:1751)
	at org.eclipse.jetty.servlet.ServletHandler.doHandle(ServletHandler.java:582)
	at org.eclipse.jetty.server.handler.ScopedHandler.handle(ScopedHandler.java:143)
	at org.eclipse.jetty.security.SecurityHandler.handle(SecurityHandler.java:548)
	at org.eclipse.jetty.server.session.SessionHandler.doHandle(SessionHandler.java:226)
	at org.eclipse.jetty.server.handler.ContextHandler.doHandle(ContextHandler.java:1180)
	at org.eclipse.jetty.servlet.ServletHandler.doScope(ServletHandler.java:512)
	at org.eclipse.jetty.server.session.SessionHandler.doScope(SessionHandler.java:185)
	at org.eclipse.jetty.server.handler.ContextHandler.doScope(ContextHandler.java:1112)
	at org.eclipse.jetty.server.handler.ScopedHandler.handle(ScopedHandler.java:141)
	at org.eclipse.jetty.server.handler.ContextHandlerCollection.handle(ContextHandlerCollection.java:213)
	at org.eclipse.jetty.server.handler.HandlerCollection.handle(HandlerCollection.java:119)
	at org.eclipse.jetty.server.handler.HandlerWrapper.handle(HandlerWrapper.java:134)
	at org.eclipse.jetty.rewrite.handler.RewriteHandler.handle(RewriteHandler.java:335)
	at org.eclipse.jetty.server.handler.HandlerWrapper.handle(HandlerWrapper.java:134)
	at org.eclipse.jetty.server.Server.handle(Server.java:534)
	at org.eclipse.jetty.server.HttpChannel.handle(HttpChannel.java:320)
	at org.eclipse.jetty.server.HttpConnection.onFillable(HttpConnection.java:251)
	at org.eclipse.jetty.io.AbstractConnection$ReadCallback.succeeded(AbstractConnection.java:283)
	at org.eclipse.jetty.io.FillInterest.fillable(FillInterest.java:108)
	at org.eclipse.jetty.io.SelectChannelEndPoint$2.run(SelectChannelEndPoint.java:93)
	at org.eclipse.jetty.util.thread.strategy.ExecuteProduceConsume.executeProduceConsume(ExecuteProduceConsume.java:303)
	at org.eclipse.jetty.util.thread.strategy.ExecuteProduceConsume.produceConsume(ExecuteProduceConsume.java:148)
	at org.eclipse.jetty.util.thread.strategy.ExecuteProduceConsume.run(ExecuteProduceConsume.java:136)
	at org.eclipse.jetty.util.thread.QueuedThreadPool.runJob(QueuedThreadPool.java:671)
	at org.eclipse.jetty.util.thread.QueuedThreadPool$2.run(QueuedThreadPool.java:589)
	at java.lang.Thread.run(Thread.java:748)
Caused by: org.apache.solr.common.SolrException: Unable to create core [Banking_App]
	at org.apache.solr.core.CoreContainer.createFromDescriptor(CoreContainer.java:1053)
	at org.apache.solr.core.CoreContainer.create(CoreContainer.java:948)
	... 37 more
Caused by: org.apache.solr.common.SolrException: Could not load conf for core Banking_App: Error loading solr config from H:\Apache SOLR\solr-7.2.1\solr-7.2.1\server\solr\Banking_App_Instance_Dir\conf\solrconfig.xml
	at org.apache.solr.core.ConfigSetService.getConfig(ConfigSetService.java:97)
	at org.apache.solr.core.CoreContainer.getConfigSet(CoreContainer.java:1081)
	at org.apache.solr.core.CoreContainer.createFromDescriptor(CoreContainer.java:1033)
	... 38 more
Caused by: org.apache.solr.common.SolrException: Error loading solr config from H:\Apache SOLR\solr-7.2.1\solr-7.2.1\server\solr\Banking_App_Instance_Dir\conf\solrconfig.xml
	at org.apache.solr.core.SolrConfig.readFromResourceLoader(SolrConfig.java:189)
	at org.apache.solr.core.ConfigSetService.createSolrConfig(ConfigSetService.java:109)
	at org.apache.solr.core.ConfigSetService.getConfig(ConfigSetService.java:91)
	... 40 more
Caused by: org.apache.solr.core.SolrResourceNotFoundException: Can't find resource 'solrconfig.xml' in classpath or 'H:\Apache SOLR\solr-7.2.1\solr-7.2.1\server\solr\Banking_App_Instance_Dir'
	at org.apache.solr.core.SolrResourceLoader.openResource(SolrResourceLoader.java:407)
	at org.apache.solr.core.SolrResourceLoader.openConfig(SolrResourceLoader.java:362)
	at org.apache.solr.core.Config.<init>(Config.java:120)
	at org.apache.solr.core.Config.<init>(Config.java:90)
	at org.apache.solr.core.SolrConfig.<init>(SolrConfig.java:204)
	at org.apache.solr.core.SolrConfig.readFromResourceLoader(SolrConfig.java:181)
	... 42 more

2018-01-18 19:19:02.038 INFO  (qtp581374081-20) [   x:Banking_App] o.a.s.s.HttpSolrCall [admin] webapp=null path=/admin/cores params={schema=schema.xml&dataDir=data&name=Banking_App&action=CREATE&config=solrconfig.xml&instanceDir=Banking_App_Instance_Dir&wt=json&_=1516303042615} status=400 QTime=191
2018-01-18 19:19:03.096 INFO  (qtp581374081-18) [   ] o.a.s.h.a.CoreAdminOperation core create command schema=schema.xml&dataDir=data&name=Banking_App&action=CREATE&config=solrconfig.xml&instanceDir=Banking_App_Instance_Dir&wt=json&_=1516303042615
2018-01-18 19:19:03.148 ERROR (qtp581374081-18) [   x:Banking_App] o.a.s.h.RequestHandlerBase org.apache.solr.common.SolrException: Error CREATEing SolrCore 'Banking_App': Unable to create core [Banking_App] Caused by: Can't find resource 'solrconfig.xml' in classpath or 'H:\Apache SOLR\solr-7.2.1\solr-7.2.1\server\solr\Banking_App_Instance_Dir'
	at org.apache.solr.core.CoreContainer.create(CoreContainer.java:987)
	at org.apache.solr.handler.admin.CoreAdminOperation.lambda$static$0(CoreAdminOperation.java:91)
	at org.apache.solr.handler.admin.CoreAdminOperation.execute(CoreAdminOperation.java:384)
	at org.apache.solr.handler.admin.CoreAdminHandler$CallInfo.call(CoreAdminHandler.java:389)
	at org.apache.solr.handler.admin.CoreAdminHandler.handleRequestBody(CoreAdminHandler.java:174)
	at org.apache.solr.handler.RequestHandlerBase.handleRequest(RequestHandlerBase.java:177)
	at org.apache.solr.servlet.HttpSolrCall.handleAdmin(HttpSolrCall.java:735)
	at org.apache.solr.servlet.HttpSolrCall.handleAdminRequest(HttpSolrCall.java:716)
	at org.apache.solr.servlet.HttpSolrCall.call(HttpSolrCall.java:497)
	at org.apache.solr.servlet.SolrDispatchFilter.doFilter(SolrDispatchFilter.java:382)
	at org.apache.solr.servlet.SolrDispatchFilter.doFilter(SolrDispatchFilter.java:326)
	at org.eclipse.jetty.servlet.ServletHandler$CachedChain.doFilter(ServletHandler.java:1751)
	at org.eclipse.jetty.servlet.ServletHandler.doHandle(ServletHandler.java:582)
	at org.eclipse.jetty.server.handler.ScopedHandler.handle(ScopedHandler.java:143)
	at org.eclipse.jetty.security.SecurityHandler.handle(SecurityHandler.java:548)
	at org.eclipse.jetty.server.session.SessionHandler.doHandle(SessionHandler.java:226)
	at org.eclipse.jetty.server.handler.ContextHandler.doHandle(ContextHandler.java:1180)
	at org.eclipse.jetty.servlet.ServletHandler.doScope(ServletHandler.java:512)
	at org.eclipse.jetty.server.session.SessionHandler.doScope(SessionHandler.java:185)
	at org.eclipse.jetty.server.handler.ContextHandler.doScope(ContextHandler.java:1112)
	at org.eclipse.jetty.server.handler.ScopedHandler.handle(ScopedHandler.java:141)
	at org.eclipse.jetty.server.handler.ContextHandlerCollection.handle(ContextHandlerCollection.java:213)
	at org.eclipse.jetty.server.handler.HandlerCollection.handle(HandlerCollection.java:119)
	at org.eclipse.jetty.server.handler.HandlerWrapper.handle(HandlerWrapper.java:134)
	at org.eclipse.jetty.rewrite.handler.RewriteHandler.handle(RewriteHandler.java:335)
	at org.eclipse.jetty.server.handler.HandlerWrapper.handle(HandlerWrapper.java:134)
	at org.eclipse.jetty.server.Server.handle(Server.java:534)
	at org.eclipse.jetty.server.HttpChannel.handle(HttpChannel.java:320)
	at org.eclipse.jetty.server.HttpConnection.onFillable(HttpConnection.java:251)
	at org.eclipse.jetty.io.AbstractConnection$ReadCallback.succeeded(AbstractConnection.java:283)
	at org.eclipse.jetty.io.FillInterest.fillable(FillInterest.java:108)
	at org.eclipse.jetty.io.SelectChannelEndPoint$2.run(SelectChannelEndPoint.java:93)
	at org.eclipse.jetty.util.thread.strategy.ExecuteProduceConsume.executeProduceConsume(ExecuteProduceConsume.java:303)
	at org.eclipse.jetty.util.thread.strategy.ExecuteProduceConsume.produceConsume(ExecuteProduceConsume.java:148)
	at org.eclipse.jetty.util.thread.strategy.ExecuteProduceConsume.run(ExecuteProduceConsume.java:136)
	at org.eclipse.jetty.util.thread.QueuedThreadPool.runJob(QueuedThreadPool.java:671)
	at org.eclipse.jetty.util.thread.QueuedThreadPool$2.run(QueuedThreadPool.java:589)
	at java.lang.Thread.run(Thread.java:748)
Caused by: org.apache.solr.common.SolrException: Unable to create core [Banking_App]
	at org.apache.solr.core.CoreContainer.createFromDescriptor(CoreContainer.java:1053)
	at org.apache.solr.core.CoreContainer.create(CoreContainer.java:948)
	... 37 more
Caused by: org.apache.solr.common.SolrException: Could not load conf for core Banking_App: Error loading solr config from H:\Apache SOLR\solr-7.2.1\solr-7.2.1\server\solr\Banking_App_Instance_Dir\conf\solrconfig.xml
	at org.apache.solr.core.ConfigSetService.getConfig(ConfigSetService.java:97)
	at org.apache.solr.core.CoreContainer.getConfigSet(CoreContainer.java:1081)
	at org.apache.solr.core.CoreContainer.createFromDescriptor(CoreContainer.java:1033)
	... 38 more
Caused by: org.apache.solr.common.SolrException: Error loading solr config from H:\Apache SOLR\solr-7.2.1\solr-7.2.1\server\solr\Banking_App_Instance_Dir\conf\solrconfig.xml
	at org.apache.solr.core.SolrConfig.readFromResourceLoader(SolrConfig.java:189)
	at org.apache.solr.core.ConfigSetService.createSolrConfig(ConfigSetService.java:109)
	at org.apache.solr.core.ConfigSetService.getConfig(ConfigSetService.java:91)
	... 40 more
Caused by: org.apache.solr.core.SolrResourceNotFoundException: Can't find resource 'solrconfig.xml' in classpath or 'H:\Apache SOLR\solr-7.2.1\solr-7.2.1\server\solr\Banking_App_Instance_Dir'
	at org.apache.solr.core.SolrResourceLoader.openResource(SolrResourceLoader.java:407)
	at org.apache.solr.core.SolrResourceLoader.openConfig(SolrResourceLoader.java:362)
	at org.apache.solr.core.Config.<init>(Config.java:120)
	at org.apache.solr.core.Config.<init>(Config.java:90)
	at org.apache.solr.core.SolrConfig.<init>(SolrConfig.java:204)
	at org.apache.solr.core.SolrConfig.readFromResourceLoader(SolrConfig.java:181)
	... 42 more

2018-01-18 19:19:03.150 INFO  (qtp581374081-18) [   x:Banking_App] o.a.s.s.HttpSolrCall [admin] webapp=null path=/admin/cores params={schema=schema.xml&dataDir=data&name=Banking_App&action=CREATE&config=solrconfig.xml&instanceDir=Banking_App_Instance_Dir&wt=json&_=1516303042615} status=400 QTime=55
2018-01-18 19:19:06.349 INFO  (qtp581374081-16) [   ] o.a.s.s.HttpSolrCall [admin] webapp=null path=/admin/cores params={indexInfo=false&wt=json&_=1516303042615} status=0 QTime=1
2018-01-18 19:19:06.444 INFO  (qtp581374081-21) [   ] o.a.s.s.HttpSolrCall [admin] webapp=null path=/admin/info/threads params={wt=json&_=1516303146322} status=0 QTime=66
2018-01-18 19:19:06.508 INFO  (qtp581374081-19) [   ] o.a.s.s.HttpSolrCall [admin] webapp=null path=/admin/info/system params={wt=json&_=1516303042617} status=0 QTime=153
2018-01-18 19:19:10.586 INFO  (qtp581374081-19) [   ] o.a.s.s.HttpSolrCall [admin] webapp=null path=/admin/cores params={indexInfo=false&wt=json&_=1516303042615} status=0 QTime=0
2018-01-18 19:19:10.611 INFO  (qtp581374081-14) [   ] o.a.s.s.HttpSolrCall [admin] webapp=null path=/admin/info/properties params={wt=json&_=1516303150559} status=0 QTime=1
2018-01-18 19:19:10.677 INFO  (qtp581374081-19) [   ] o.a.s.s.HttpSolrCall [admin] webapp=null path=/admin/info/system params={wt=json&_=1516303042617} status=0 QTime=79
2018-01-18 19:19:13.292 INFO  (qtp581374081-22) [   ] o.a.s.s.HttpSolrCall [admin] webapp=null path=/admin/cores params={indexInfo=false&wt=json&_=1516303042615} status=0 QTime=0
2018-01-18 19:19:13.316 INFO  (qtp581374081-14) [   ] o.a.s.s.HttpSolrCall [admin] webapp=null path=/admin/cores params={wt=json&_=1516303042615} status=0 QTime=0
2018-01-18 19:19:13.401 INFO  (qtp581374081-22) [   ] o.a.s.s.HttpSolrCall [admin] webapp=null path=/admin/info/system params={wt=json&_=1516303042617} status=0 QTime=86
2018-01-18 19:19:15.917 INFO  (qtp581374081-18) [   ] o.a.s.s.HttpSolrCall [admin] webapp=null path=/admin/cores params={indexInfo=false&wt=json&_=1516303042615} status=0 QTime=1
2018-01-18 19:19:15.975 INFO  (qtp581374081-18) [   ] o.a.s.s.HttpSolrCall [admin] webapp=null path=/admin/info/logging params={wt=json&_=1516303155883&since=0} status=0 QTime=4
2018-01-18 19:19:16.083 INFO  (qtp581374081-14) [   ] o.a.s.s.HttpSolrCall [admin] webapp=null path=/admin/info/system params={wt=json&_=1516303042617} status=0 QTime=164
2018-01-18 19:19:19.042 INFO  (qtp581374081-21) [   ] o.a.s.s.HttpSolrCall [admin] webapp=null path=/admin/cores params={indexInfo=false&wt=json&_=1516303042615} status=0 QTime=0
2018-01-18 19:19:19.142 INFO  (qtp581374081-21) [   ] o.a.s.s.HttpSolrCall [admin] webapp=null path=/admin/info/system params={wt=json&_=1516303042617} status=0 QTime=84
2018-01-18 19:19:19.212 INFO  (qtp581374081-18) [   ] o.a.s.s.HttpSolrCall [admin] webapp=null path=/admin/info/system params={wt=json&_=1516303042617} status=0 QTime=59
